<?xml version="1.0" encoding="UTF-8"?>
<robot generator="Robot 7.2.2 (Python 3.13.2 on win32)" generated="2025-03-21T00:22:36.559314" rpa="false" schemaversion="5">
<suite id="s1" name="Dataset" source="F:\Test project\DataDriven\dataset.robot">
<test id="s1-t1" name="Invalid email" line="18">
<kw name="open the browser with the Mortagage payment url" owner="resource" type="SETUP">
<kw name="Create Webdriver" owner="SeleniumLibrary">
<msg time="2025-03-21T00:22:36.883317" level="INFO">Creating an instance of the Chrome WebDriver.</msg>
<arg>Chrome</arg>
<doc>Creates an instance of Selenium WebDriver.</doc>
<status status="PASS" start="2025-03-21T00:22:36.882919" elapsed="1.490719"/>
</kw>
<kw name="Go To" owner="SeleniumLibrary">
<msg time="2025-03-21T00:22:38.374243" level="INFO">Opening url 'https://rahulshettyacademy.com/loginpagePractise/'</msg>
<arg>${Url}</arg>
<doc>Navigates the current browser window to the provided ``url``.</doc>
<status status="PASS" start="2025-03-21T00:22:38.373959" elapsed="0.630447"/>
</kw>
<kw name="Maximize Browser Window" owner="SeleniumLibrary">
<doc>Maximizes current browser window.</doc>
<status status="PASS" start="2025-03-21T00:22:39.004604" elapsed="0.035291"/>
</kw>
<status status="PASS" start="2025-03-21T00:22:36.882127" elapsed="2.157931"/>
</kw>
<kw name="Validate UnSuccesful Login">
<kw name="open the browser with the Mortagage payment url" owner="resource">
<kw name="Create Webdriver" owner="SeleniumLibrary">
<msg time="2025-03-21T00:22:39.041510" level="INFO">Creating an instance of the Chrome WebDriver.</msg>
<arg>Chrome</arg>
<doc>Creates an instance of Selenium WebDriver.</doc>
<status status="PASS" start="2025-03-21T00:22:39.041326" elapsed="1.434976"/>
</kw>
<kw name="Go To" owner="SeleniumLibrary">
<msg time="2025-03-21T00:22:40.476745" level="INFO">Opening url 'https://rahulshettyacademy.com/loginpagePractise/'</msg>
<arg>${Url}</arg>
<doc>Navigates the current browser window to the provided ``url``.</doc>
<status status="PASS" start="2025-03-21T00:22:40.476544" elapsed="0.638390"/>
</kw>
<kw name="Maximize Browser Window" owner="SeleniumLibrary">
<doc>Maximizes current browser window.</doc>
<status status="PASS" start="2025-03-21T00:22:41.115233" elapsed="0.037285"/>
</kw>
<status status="PASS" start="2025-03-21T00:22:39.041039" elapsed="2.111595"/>
</kw>
<kw name="Fill the Loging form">
<kw name="Input Text" owner="SeleniumLibrary">
<msg time="2025-03-21T00:22:41.153455" level="INFO">Typing text 'djaiierht' into text field 'id:username'.</msg>
<arg>id:username</arg>
<arg>${userId}</arg>
<doc>Types the given ``text`` into the text field identified by ``locator``.</doc>
<status status="PASS" start="2025-03-21T00:22:41.153108" elapsed="0.122608"/>
</kw>
<kw name="Input Password" owner="SeleniumLibrary">
<msg time="2025-03-21T00:22:41.276130" level="INFO">Typing password into text field 'id:password'.</msg>
<msg time="2025-03-21T00:22:41.314695" level="INFO">Temporally setting log level to: NONE</msg>
<arg>id:password</arg>
<arg>${password}</arg>
<doc>Types the given password into the text field identified by ``locator``.</doc>
<status status="PASS" start="2025-03-21T00:22:41.275912" elapsed="0.087295"/>
</kw>
<kw name="Click Button" owner="SeleniumLibrary">
<msg time="2025-03-21T00:22:41.363842" level="INFO">Clicking button 'signInBtn'.</msg>
<arg>signInBtn</arg>
<doc>Clicks the button identified by ``locator``.</doc>
<status status="PASS" start="2025-03-21T00:22:41.363463" elapsed="0.078249"/>
</kw>
<arg>${username}</arg>
<arg>${password}</arg>
<status status="PASS" start="2025-03-21T00:22:41.152802" elapsed="0.289069"/>
</kw>
<kw name="wait until Element is located in the page">
<kw name="Wait Until Element Is Visible" owner="SeleniumLibrary">
<arg>${element}</arg>
<doc>Waits until the element ``locator`` is visible.</doc>
<status status="PASS" start="2025-03-21T00:22:41.442384" elapsed="2.044176"/>
</kw>
<arg>${Error_Message_Login}</arg>
<status status="PASS" start="2025-03-21T00:22:41.442057" elapsed="2.044616"/>
</kw>
<kw name="verify error message is correct">
<kw name="Element Text Should Be" owner="SeleniumLibrary">
<msg time="2025-03-21T00:22:43.487198" level="INFO">Verifying element 'css:.alert-danger' contains exact text 'Incorrect username/password.'.</msg>
<arg>${Error_Message_Login}</arg>
<arg>Incorrect username/password.</arg>
<doc>Verifies that element ``locator`` contains exact the text ``expected``.</doc>
<status status="PASS" start="2025-03-21T00:22:43.487033" elapsed="0.020846"/>
</kw>
<status status="PASS" start="2025-03-21T00:22:43.486813" elapsed="0.021173"/>
</kw>
<arg>djaiierht</arg>
<arg>learning</arg>
<status status="PASS" start="2025-03-21T00:22:39.040543" elapsed="4.467490"/>
</kw>
<kw name="Close Browser" owner="SeleniumLibrary" type="TEARDOWN">
<doc>Closes the current browser.</doc>
<status status="PASS" start="2025-03-21T00:22:43.508546" elapsed="2.183178"/>
</kw>
<status status="PASS" start="2025-03-21T00:22:36.881198" elapsed="8.811228"/>
</test>
<test id="s1-t2" name="Invalid password" line="19">
<kw name="open the browser with the Mortagage payment url" owner="resource" type="SETUP">
<kw name="Create Webdriver" owner="SeleniumLibrary">
<msg time="2025-03-21T00:22:45.695910" level="INFO">Creating an instance of the Chrome WebDriver.</msg>
<arg>Chrome</arg>
<doc>Creates an instance of Selenium WebDriver.</doc>
<status status="PASS" start="2025-03-21T00:22:45.695704" elapsed="1.398770"/>
</kw>
<kw name="Go To" owner="SeleniumLibrary">
<msg time="2025-03-21T00:22:47.095348" level="INFO">Opening url 'https://rahulshettyacademy.com/loginpagePractise/'</msg>
<arg>${Url}</arg>
<doc>Navigates the current browser window to the provided ``url``.</doc>
<status status="PASS" start="2025-03-21T00:22:47.094996" elapsed="0.736421"/>
</kw>
<kw name="Maximize Browser Window" owner="SeleniumLibrary">
<doc>Maximizes current browser window.</doc>
<status status="PASS" start="2025-03-21T00:22:47.831717" elapsed="0.033804"/>
</kw>
<status status="PASS" start="2025-03-21T00:22:45.695144" elapsed="2.170552"/>
</kw>
<kw name="Validate UnSuccesful Login">
<kw name="open the browser with the Mortagage payment url" owner="resource">
<kw name="Create Webdriver" owner="SeleniumLibrary">
<msg time="2025-03-21T00:22:47.866916" level="INFO">Creating an instance of the Chrome WebDriver.</msg>
<arg>Chrome</arg>
<doc>Creates an instance of Selenium WebDriver.</doc>
<status status="PASS" start="2025-03-21T00:22:47.866791" elapsed="1.551763"/>
</kw>
<kw name="Go To" owner="SeleniumLibrary">
<msg time="2025-03-21T00:22:49.419085" level="INFO">Opening url 'https://rahulshettyacademy.com/loginpagePractise/'</msg>
<arg>${Url}</arg>
<doc>Navigates the current browser window to the provided ``url``.</doc>
<status status="PASS" start="2025-03-21T00:22:49.418851" elapsed="0.548159"/>
</kw>
<kw name="Maximize Browser Window" owner="SeleniumLibrary">
<doc>Maximizes current browser window.</doc>
<status status="PASS" start="2025-03-21T00:22:49.967422" elapsed="0.657246"/>
</kw>
<status status="PASS" start="2025-03-21T00:22:47.866554" elapsed="2.758505"/>
</kw>
<kw name="Fill the Loging form">
<kw name="Input Text" owner="SeleniumLibrary">
<msg time="2025-03-21T00:22:50.629589" level="INFO">Typing text 'rahulshettyacademy' into text field 'id:username'.</msg>
<arg>id:username</arg>
<arg>${userId}</arg>
<doc>Types the given ``text`` into the text field identified by ``locator``.</doc>
<status status="PASS" start="2025-03-21T00:22:50.626973" elapsed="0.577354"/>
</kw>
<kw name="Input Password" owner="SeleniumLibrary">
<msg time="2025-03-21T00:22:51.205603" level="INFO">Typing password into text field 'id:password'.</msg>
<msg time="2025-03-21T00:22:51.335259" level="INFO">Temporally setting log level to: NONE</msg>
<arg>id:password</arg>
<arg>${password}</arg>
<doc>Types the given password into the text field identified by ``locator``.</doc>
<status status="PASS" start="2025-03-21T00:22:51.204877" elapsed="0.305128"/>
</kw>
<kw name="Click Button" owner="SeleniumLibrary">
<msg time="2025-03-21T00:22:51.516124" level="INFO">Clicking button 'signInBtn'.</msg>
<arg>signInBtn</arg>
<doc>Clicks the button identified by ``locator``.</doc>
<status status="PASS" start="2025-03-21T00:22:51.510574" elapsed="0.282838"/>
</kw>
<arg>${username}</arg>
<arg>${password}</arg>
<status status="PASS" start="2025-03-21T00:22:50.625702" elapsed="1.168045"/>
</kw>
<kw name="wait until Element is located in the page">
<kw name="Wait Until Element Is Visible" owner="SeleniumLibrary">
<arg>${element}</arg>
<doc>Waits until the element ``locator`` is visible.</doc>
<status status="PASS" start="2025-03-21T00:22:51.798341" elapsed="2.096494"/>
</kw>
<arg>${Error_Message_Login}</arg>
<status status="PASS" start="2025-03-21T00:22:51.796693" elapsed="2.098663"/>
</kw>
<kw name="verify error message is correct">
<kw name="Element Text Should Be" owner="SeleniumLibrary">
<msg time="2025-03-21T00:22:53.896588" level="INFO">Verifying element 'css:.alert-danger' contains exact text 'Incorrect username/password.'.</msg>
<arg>${Error_Message_Login}</arg>
<arg>Incorrect username/password.</arg>
<doc>Verifies that element ``locator`` contains exact the text ``expected``.</doc>
<status status="PASS" start="2025-03-21T00:22:53.896196" elapsed="0.022756"/>
</kw>
<status status="PASS" start="2025-03-21T00:22:53.895659" elapsed="0.023479"/>
</kw>
<arg>rahulshettyacademy</arg>
<arg>12344jfa</arg>
<status status="PASS" start="2025-03-21T00:22:47.866148" elapsed="6.053078"/>
</kw>
<kw name="Close Browser" owner="SeleniumLibrary" type="TEARDOWN">
<doc>Closes the current browser.</doc>
<status status="PASS" start="2025-03-21T00:22:53.919722" elapsed="2.211621"/>
</kw>
<status status="PASS" start="2025-03-21T00:22:45.694097" elapsed="10.437799"/>
</test>
<test id="s1-t3" name="Invalid Syntext" line="20">
<kw name="open the browser with the Mortagage payment url" owner="resource" type="SETUP">
<kw name="Create Webdriver" owner="SeleniumLibrary">
<msg time="2025-03-21T00:22:56.135325" level="INFO">Creating an instance of the Chrome WebDriver.</msg>
<arg>Chrome</arg>
<doc>Creates an instance of Selenium WebDriver.</doc>
<status status="PASS" start="2025-03-21T00:22:56.135152" elapsed="1.504958"/>
</kw>
<kw name="Go To" owner="SeleniumLibrary">
<msg time="2025-03-21T00:22:57.640892" level="INFO">Opening url 'https://rahulshettyacademy.com/loginpagePractise/'</msg>
<arg>${Url}</arg>
<doc>Navigates the current browser window to the provided ``url``.</doc>
<status status="PASS" start="2025-03-21T00:22:57.640517" elapsed="0.849292"/>
</kw>
<kw name="Maximize Browser Window" owner="SeleniumLibrary">
<doc>Maximizes current browser window.</doc>
<status status="PASS" start="2025-03-21T00:22:58.490404" elapsed="0.079610"/>
</kw>
<status status="PASS" start="2025-03-21T00:22:56.134710" elapsed="2.435753"/>
</kw>
<kw name="Validate UnSuccesful Login">
<kw name="open the browser with the Mortagage payment url" owner="resource">
<kw name="Create Webdriver" owner="SeleniumLibrary">
<msg time="2025-03-21T00:22:58.575726" level="INFO">Creating an instance of the Chrome WebDriver.</msg>
<arg>Chrome</arg>
<doc>Creates an instance of Selenium WebDriver.</doc>
<status status="PASS" start="2025-03-21T00:22:58.575279" elapsed="2.873891"/>
</kw>
<kw name="Go To" owner="SeleniumLibrary">
<msg time="2025-03-21T00:23:01.450352" level="INFO">Opening url 'https://rahulshettyacademy.com/loginpagePractise/'</msg>
<arg>${Url}</arg>
<doc>Navigates the current browser window to the provided ``url``.</doc>
<status status="PASS" start="2025-03-21T00:23:01.449729" elapsed="0.806865"/>
</kw>
<kw name="Maximize Browser Window" owner="SeleniumLibrary">
<doc>Maximizes current browser window.</doc>
<status status="PASS" start="2025-03-21T00:23:02.257125" elapsed="0.078754"/>
</kw>
<status status="PASS" start="2025-03-21T00:22:58.573117" elapsed="3.763333"/>
</kw>
<kw name="Fill the Loging form">
<kw name="Input Text" owner="SeleniumLibrary">
<msg time="2025-03-21T00:23:02.339349" level="INFO">Typing text '£2%?' into text field 'id:username'.</msg>
<arg>id:username</arg>
<arg>${userId}</arg>
<doc>Types the given ``text`` into the text field identified by ``locator``.</doc>
<status status="PASS" start="2025-03-21T00:23:02.338438" elapsed="0.327570"/>
</kw>
<kw name="Input Password" owner="SeleniumLibrary">
<msg time="2025-03-21T00:23:02.667412" level="INFO">Typing password into text field 'id:password'.</msg>
<msg time="2025-03-21T00:23:02.774926" level="INFO">Temporally setting log level to: NONE</msg>
<arg>id:password</arg>
<arg>${password}</arg>
<doc>Types the given password into the text field identified by ``locator``.</doc>
<status status="PASS" start="2025-03-21T00:23:02.666710" elapsed="0.241653"/>
</kw>
<kw name="Click Button" owner="SeleniumLibrary">
<msg time="2025-03-21T00:23:02.909349" level="INFO">Clicking button 'signInBtn'.</msg>
<arg>signInBtn</arg>
<doc>Clicks the button identified by ``locator``.</doc>
<status status="PASS" start="2025-03-21T00:23:02.908856" elapsed="0.266688"/>
</kw>
<arg>${username}</arg>
<arg>${password}</arg>
<status status="PASS" start="2025-03-21T00:23:02.337089" elapsed="0.838730"/>
</kw>
<kw name="wait until Element is located in the page">
<kw name="Wait Until Element Is Visible" owner="SeleniumLibrary">
<arg>${element}</arg>
<doc>Waits until the element ``locator`` is visible.</doc>
<status status="PASS" start="2025-03-21T00:23:03.178783" elapsed="2.089607"/>
</kw>
<arg>${Error_Message_Login}</arg>
<status status="PASS" start="2025-03-21T00:23:03.176198" elapsed="2.092297"/>
</kw>
<kw name="verify error message is correct">
<kw name="Element Text Should Be" owner="SeleniumLibrary">
<msg time="2025-03-21T00:23:05.269038" level="INFO">Verifying element 'css:.alert-danger' contains exact text 'Incorrect username/password.'.</msg>
<arg>${Error_Message_Login}</arg>
<arg>Incorrect username/password.</arg>
<doc>Verifies that element ``locator`` contains exact the text ``expected``.</doc>
<status status="PASS" start="2025-03-21T00:23:05.268876" elapsed="0.022354"/>
</kw>
<status status="PASS" start="2025-03-21T00:23:05.268627" elapsed="0.022699"/>
</kw>
<arg>£2%?</arg>
<arg>learning</arg>
<status status="PASS" start="2025-03-21T00:22:58.571534" elapsed="6.719831"/>
</kw>
<kw name="Close Browser" owner="SeleniumLibrary" type="TEARDOWN">
<doc>Closes the current browser.</doc>
<status status="PASS" start="2025-03-21T00:23:05.291868" elapsed="2.172249"/>
</kw>
<status status="PASS" start="2025-03-21T00:22:56.133711" elapsed="11.330712"/>
</test>
<test id="s1-t4" name="valid Login element" line="21">
<kw name="open the browser with the Mortagage payment url" owner="resource" type="SETUP">
<kw name="Create Webdriver" owner="SeleniumLibrary">
<msg time="2025-03-21T00:23:07.465906" level="INFO">Creating an instance of the Chrome WebDriver.</msg>
<arg>Chrome</arg>
<doc>Creates an instance of Selenium WebDriver.</doc>
<status status="PASS" start="2025-03-21T00:23:07.465791" elapsed="2.160602"/>
</kw>
<kw name="Go To" owner="SeleniumLibrary">
<msg time="2025-03-21T00:23:09.630917" level="INFO">Opening url 'https://rahulshettyacademy.com/loginpagePractise/'</msg>
<arg>${Url}</arg>
<doc>Navigates the current browser window to the provided ``url``.</doc>
<status status="PASS" start="2025-03-21T00:23:09.630062" elapsed="0.795301"/>
</kw>
<kw name="Maximize Browser Window" owner="SeleniumLibrary">
<doc>Maximizes current browser window.</doc>
<status status="PASS" start="2025-03-21T00:23:10.425839" elapsed="0.042459"/>
</kw>
<status status="PASS" start="2025-03-21T00:23:07.465542" elapsed="3.003025"/>
</kw>
<kw name="Validate UnSuccesful Login">
<kw name="open the browser with the Mortagage payment url" owner="resource">
<kw name="Create Webdriver" owner="SeleniumLibrary">
<msg time="2025-03-21T00:23:10.471451" level="INFO">Creating an instance of the Chrome WebDriver.</msg>
<arg>Chrome</arg>
<doc>Creates an instance of Selenium WebDriver.</doc>
<status status="PASS" start="2025-03-21T00:23:10.471099" elapsed="2.649905"/>
</kw>
<kw name="Go To" owner="SeleniumLibrary">
<msg time="2025-03-21T00:23:13.122894" level="INFO">Opening url 'https://rahulshettyacademy.com/loginpagePractise/'</msg>
<arg>${Url}</arg>
<doc>Navigates the current browser window to the provided ``url``.</doc>
<status status="PASS" start="2025-03-21T00:23:13.122049" elapsed="0.870828"/>
</kw>
<kw name="Maximize Browser Window" owner="SeleniumLibrary">
<doc>Maximizes current browser window.</doc>
<status status="PASS" start="2025-03-21T00:23:13.996259" elapsed="0.073382"/>
</kw>
<status status="PASS" start="2025-03-21T00:23:10.470463" elapsed="3.599587"/>
</kw>
<kw name="Fill the Loging form">
<kw name="Input Text" owner="SeleniumLibrary">
<msg time="2025-03-21T00:23:14.074604" level="INFO">Typing text 'rahulshettyacademy' into text field 'id:username'.</msg>
<arg>id:username</arg>
<arg>${userId}</arg>
<doc>Types the given ``text`` into the text field identified by ``locator``.</doc>
<status status="PASS" start="2025-03-21T00:23:14.073469" elapsed="0.418806"/>
</kw>
<kw name="Input Password" owner="SeleniumLibrary">
<msg time="2025-03-21T00:23:14.496923" level="INFO">Typing password into text field 'id:password'.</msg>
<msg time="2025-03-21T00:23:14.585727" level="INFO">Temporally setting log level to: NONE</msg>
<arg>id:password</arg>
<arg>${password}</arg>
<doc>Types the given password into the text field identified by ``locator``.</doc>
<status status="PASS" start="2025-03-21T00:23:14.492860" elapsed="0.296070"/>
</kw>
<kw name="Click Button" owner="SeleniumLibrary">
<msg time="2025-03-21T00:23:14.789832" level="INFO">Clicking button 'signInBtn'.</msg>
<arg>signInBtn</arg>
<doc>Clicks the button identified by ``locator``.</doc>
<status status="PASS" start="2025-03-21T00:23:14.789459" elapsed="0.180636"/>
</kw>
<arg>${username}</arg>
<arg>${password}</arg>
<status status="PASS" start="2025-03-21T00:23:14.070925" elapsed="0.899472"/>
</kw>
<kw name="wait until Element is located in the page">
<kw name="Wait Until Element Is Visible" owner="SeleniumLibrary">
<msg time="2025-03-21T00:23:20.783398" level="INFO" html="true">&lt;/td&gt;&lt;/tr&gt;&lt;tr&gt;&lt;td colspan="3"&gt;&lt;a href="selenium-screenshot-1.png"&gt;&lt;img src="selenium-screenshot-1.png" width="800px"&gt;&lt;/a&gt;</msg>
<msg time="2025-03-21T00:23:20.783948" level="FAIL">Element 'css:.alert-danger' not visible after 5 seconds.</msg>
<arg>${element}</arg>
<doc>Waits until the element ``locator`` is visible.</doc>
<status status="FAIL" start="2025-03-21T00:23:14.971599" elapsed="5.983539">Element 'css:.alert-danger' not visible after 5 seconds.</status>
</kw>
<arg>${Error_Message_Login}</arg>
<status status="FAIL" start="2025-03-21T00:23:14.970798" elapsed="5.985067">Element 'css:.alert-danger' not visible after 5 seconds.</status>
</kw>
<kw name="verify error message is correct">
<status status="NOT RUN" start="2025-03-21T00:23:20.956560" elapsed="0.000128"/>
</kw>
<arg>${User_Valid_id}</arg>
<arg>${User_valid_pass}</arg>
<status status="FAIL" start="2025-03-21T00:23:10.469365" elapsed="10.487655">Element 'css:.alert-danger' not visible after 5 seconds.</status>
</kw>
<kw name="Close Browser" owner="SeleniumLibrary" type="TEARDOWN">
<doc>Closes the current browser.</doc>
<status status="PASS" start="2025-03-21T00:23:20.958356" elapsed="3.120137"/>
</kw>
<status status="FAIL" start="2025-03-21T00:23:07.465108" elapsed="16.613790">Element 'css:.alert-danger' not visible after 5 seconds.</status>
</test>
<doc>To validate the Login form</doc>
<status status="FAIL" start="2025-03-21T00:22:36.560907" elapsed="47.519490"/>
</suite>
<statistics>
<total>
<stat pass="3" fail="1" skip="0">All Tests</stat>
</total>
<tag>
</tag>
<suite>
<stat name="Dataset" id="s1" pass="3" fail="1" skip="0">Dataset</stat>
</suite>
</statistics>
<errors>
</errors>
</robot>
