<?xml version="1.0" encoding="UTF-8"?>
<robot generator="Robot 7.2.2 (Python 3.13.2 on win32)" generated="2025-03-20T01:43:29.101908" rpa="false" schemaversion="5">
<suite id="s1" name="Dataset" source="F:\Test project\DataDriven\dataset.robot">
<test id="s1-t1" name="Invalid email" line="18">
<kw name="open the browser with the Mortagage payment url" owner="resource" type="SETUP">
<kw name="Create Webdriver" owner="SeleniumLibrary">
<msg time="2025-03-20T01:43:29.420623" level="INFO">Creating an instance of the Chrome WebDriver.</msg>
<arg>Chrome</arg>
<doc>Creates an instance of Selenium WebDriver.</doc>
<status status="PASS" start="2025-03-20T01:43:29.420301" elapsed="1.466344"/>
</kw>
<kw name="Go To" owner="SeleniumLibrary">
<msg time="2025-03-20T01:43:30.887111" level="INFO">Opening url 'https://rahulshettyacademy.com/loginpagePractise/'</msg>
<arg>${Url}</arg>
<doc>Navigates the current browser window to the provided ``url``.</doc>
<status status="PASS" start="2025-03-20T01:43:30.886894" elapsed="0.569505"/>
</kw>
<kw name="Maximize Browser Window" owner="SeleniumLibrary">
<doc>Maximizes current browser window.</doc>
<status status="PASS" start="2025-03-20T01:43:31.456765" elapsed="0.029890"/>
</kw>
<status status="PASS" start="2025-03-20T01:43:29.419732" elapsed="2.067040"/>
</kw>
<kw name="Validate UnSuccesful Login">
<kw name="open the browser with the Mortagage payment url" owner="resource">
<kw name="Create Webdriver" owner="SeleniumLibrary">
<msg time="2025-03-20T01:43:31.488074" level="INFO">Creating an instance of the Chrome WebDriver.</msg>
<arg>Chrome</arg>
<doc>Creates an instance of Selenium WebDriver.</doc>
<status status="PASS" start="2025-03-20T01:43:31.487889" elapsed="1.433942"/>
</kw>
<kw name="Go To" owner="SeleniumLibrary">
<msg time="2025-03-20T01:43:32.922712" level="INFO">Opening url 'https://rahulshettyacademy.com/loginpagePractise/'</msg>
<arg>${Url}</arg>
<doc>Navigates the current browser window to the provided ``url``.</doc>
<status status="PASS" start="2025-03-20T01:43:32.922397" elapsed="0.607450"/>
</kw>
<kw name="Maximize Browser Window" owner="SeleniumLibrary">
<doc>Maximizes current browser window.</doc>
<status status="PASS" start="2025-03-20T01:43:33.530205" elapsed="0.037026"/>
</kw>
<status status="PASS" start="2025-03-20T01:43:31.487627" elapsed="2.079731"/>
</kw>
<kw name="Fill the Loging form">
<kw name="Input Text" owner="SeleniumLibrary">
<msg time="2025-03-20T01:43:33.568364" level="INFO">Typing text 'djaiierht' into text field 'id:username'.</msg>
<arg>id:username</arg>
<arg>${userId}</arg>
<doc>Types the given ``text`` into the text field identified by ``locator``.</doc>
<status status="PASS" start="2025-03-20T01:43:33.567924" elapsed="0.129370"/>
</kw>
<kw name="Input Password" owner="SeleniumLibrary">
<msg time="2025-03-20T01:43:33.698033" level="INFO">Typing password into text field 'id:password'.</msg>
<msg time="2025-03-20T01:43:33.731390" level="INFO">Temporally setting log level to: NONE</msg>
<arg>id:password</arg>
<arg>${password}</arg>
<doc>Types the given password into the text field identified by ``locator``.</doc>
<status status="PASS" start="2025-03-20T01:43:33.697737" elapsed="0.112324"/>
</kw>
<kw name="Click Button" owner="SeleniumLibrary">
<msg time="2025-03-20T01:43:33.810644" level="INFO">Clicking button 'signInBtn'.</msg>
<arg>signInBtn</arg>
<doc>Clicks the button identified by ``locator``.</doc>
<status status="PASS" start="2025-03-20T01:43:33.810386" elapsed="0.093597"/>
</kw>
<arg>${username}</arg>
<arg>${password}</arg>
<status status="PASS" start="2025-03-20T01:43:33.567548" elapsed="0.336553"/>
</kw>
<kw name="wait until Element is located in the page">
<kw name="Wait Until Element Is Visible" owner="SeleniumLibrary">
<arg>${element}</arg>
<doc>Waits until the element ``locator`` is visible.</doc>
<status status="PASS" start="2025-03-20T01:43:33.905158" elapsed="2.022649"/>
</kw>
<arg>${Error_Message_Login}</arg>
<status status="PASS" start="2025-03-20T01:43:33.904243" elapsed="2.023686"/>
</kw>
<kw name="verify error message is correct">
<kw name="Element Text Should Be" owner="SeleniumLibrary">
<msg time="2025-03-20T01:43:35.928484" level="INFO">Verifying element 'css:.alert-danger' contains exact text 'Incorrect username/password.'.</msg>
<arg>${Error_Message_Login}</arg>
<arg>Incorrect username/password.</arg>
<doc>Verifies that element ``locator`` contains exact the text ``expected``.</doc>
<status status="PASS" start="2025-03-20T01:43:35.928311" elapsed="0.015712"/>
</kw>
<status status="PASS" start="2025-03-20T01:43:35.928080" elapsed="0.016042"/>
</kw>
<arg>djaiierht</arg>
<arg>learning</arg>
<status status="PASS" start="2025-03-20T01:43:31.487195" elapsed="4.456975"/>
</kw>
<kw name="Close Browser" owner="SeleniumLibrary" type="TEARDOWN">
<doc>Closes the current browser.</doc>
<status status="PASS" start="2025-03-20T01:43:35.944670" elapsed="2.210512"/>
</kw>
<status status="PASS" start="2025-03-20T01:43:29.419020" elapsed="8.736858"/>
</test>
<test id="s1-t2" name="Invalid password" line="19">
<kw name="open the browser with the Mortagage payment url" owner="resource" type="SETUP">
<kw name="Create Webdriver" owner="SeleniumLibrary">
<msg time="2025-03-20T01:43:38.159562" level="INFO">Creating an instance of the Chrome WebDriver.</msg>
<arg>Chrome</arg>
<doc>Creates an instance of Selenium WebDriver.</doc>
<status status="PASS" start="2025-03-20T01:43:38.159354" elapsed="1.456516"/>
</kw>
<kw name="Go To" owner="SeleniumLibrary">
<msg time="2025-03-20T01:43:39.616182" level="INFO">Opening url 'https://rahulshettyacademy.com/loginpagePractise/'</msg>
<arg>${Url}</arg>
<doc>Navigates the current browser window to the provided ``url``.</doc>
<status status="PASS" start="2025-03-20T01:43:39.616025" elapsed="0.633646"/>
</kw>
<kw name="Maximize Browser Window" owner="SeleniumLibrary">
<doc>Maximizes current browser window.</doc>
<status status="PASS" start="2025-03-20T01:43:40.249960" elapsed="0.028407"/>
</kw>
<status status="PASS" start="2025-03-20T01:43:38.158913" elapsed="2.119554"/>
</kw>
<kw name="Validate UnSuccesful Login">
<kw name="open the browser with the Mortagage payment url" owner="resource">
<kw name="Create Webdriver" owner="SeleniumLibrary">
<msg time="2025-03-20T01:43:40.280030" level="INFO">Creating an instance of the Chrome WebDriver.</msg>
<arg>Chrome</arg>
<doc>Creates an instance of Selenium WebDriver.</doc>
<status status="PASS" start="2025-03-20T01:43:40.279901" elapsed="1.544185"/>
</kw>
<kw name="Go To" owner="SeleniumLibrary">
<msg time="2025-03-20T01:43:41.824653" level="INFO">Opening url 'https://rahulshettyacademy.com/loginpagePractise/'</msg>
<arg>${Url}</arg>
<doc>Navigates the current browser window to the provided ``url``.</doc>
<status status="PASS" start="2025-03-20T01:43:41.824370" elapsed="0.528764"/>
</kw>
<kw name="Maximize Browser Window" owner="SeleniumLibrary">
<doc>Maximizes current browser window.</doc>
<status status="PASS" start="2025-03-20T01:43:42.353426" elapsed="0.210759"/>
</kw>
<status status="PASS" start="2025-03-20T01:43:40.279663" elapsed="2.284707"/>
</kw>
<kw name="Fill the Loging form">
<kw name="Input Text" owner="SeleniumLibrary">
<msg time="2025-03-20T01:43:42.565545" level="INFO">Typing text 'rahulshettyacademy' into text field 'id:username'.</msg>
<arg>id:username</arg>
<arg>${userId}</arg>
<doc>Types the given ``text`` into the text field identified by ``locator``.</doc>
<status status="PASS" start="2025-03-20T01:43:42.565201" elapsed="0.167316"/>
</kw>
<kw name="Input Password" owner="SeleniumLibrary">
<msg time="2025-03-20T01:43:42.733190" level="INFO">Typing password into text field 'id:password'.</msg>
<msg time="2025-03-20T01:43:42.775873" level="INFO">Temporally setting log level to: NONE</msg>
<arg>id:password</arg>
<arg>${password}</arg>
<doc>Types the given password into the text field identified by ``locator``.</doc>
<status status="PASS" start="2025-03-20T01:43:42.732867" elapsed="0.108526"/>
</kw>
<kw name="Click Button" owner="SeleniumLibrary">
<msg time="2025-03-20T01:43:42.842700" level="INFO">Clicking button 'signInBtn'.</msg>
<arg>signInBtn</arg>
<doc>Clicks the button identified by ``locator``.</doc>
<status status="PASS" start="2025-03-20T01:43:42.841911" elapsed="0.093644"/>
</kw>
<arg>${username}</arg>
<arg>${password}</arg>
<status status="PASS" start="2025-03-20T01:43:42.564609" elapsed="0.371103"/>
</kw>
<kw name="wait until Element is located in the page">
<kw name="Wait Until Element Is Visible" owner="SeleniumLibrary">
<arg>${element}</arg>
<doc>Waits until the element ``locator`` is visible.</doc>
<status status="PASS" start="2025-03-20T01:43:42.936384" elapsed="2.206117"/>
</kw>
<arg>${Error_Message_Login}</arg>
<status status="PASS" start="2025-03-20T01:43:42.935932" elapsed="2.206792"/>
</kw>
<kw name="verify error message is correct">
<kw name="Element Text Should Be" owner="SeleniumLibrary">
<msg time="2025-03-20T01:43:45.143538" level="INFO">Verifying element 'css:.alert-danger' contains exact text 'Incorrect username/password.'.</msg>
<arg>${Error_Message_Login}</arg>
<arg>Incorrect username/password.</arg>
<doc>Verifies that element ``locator`` contains exact the text ``expected``.</doc>
<status status="PASS" start="2025-03-20T01:43:45.143306" elapsed="0.023280"/>
</kw>
<status status="PASS" start="2025-03-20T01:43:45.142997" elapsed="0.023681"/>
</kw>
<arg>rahulshettyacademy</arg>
<arg>12344jfa</arg>
<status status="PASS" start="2025-03-20T01:43:40.279049" elapsed="4.887669"/>
</kw>
<kw name="Close Browser" owner="SeleniumLibrary" type="TEARDOWN">
<doc>Closes the current browser.</doc>
<status status="PASS" start="2025-03-20T01:43:45.167147" elapsed="2.157627"/>
</kw>
<status status="PASS" start="2025-03-20T01:43:38.157981" elapsed="9.167333"/>
</test>
<test id="s1-t3" name="Invalid Syntext" line="20">
<kw name="open the browser with the Mortagage payment url" owner="resource" type="SETUP">
<kw name="Create Webdriver" owner="SeleniumLibrary">
<msg time="2025-03-20T01:43:47.328219" level="INFO">Creating an instance of the Chrome WebDriver.</msg>
<arg>Chrome</arg>
<doc>Creates an instance of Selenium WebDriver.</doc>
<status status="PASS" start="2025-03-20T01:43:47.328045" elapsed="1.505892"/>
</kw>
<kw name="Go To" owner="SeleniumLibrary">
<msg time="2025-03-20T01:43:48.834250" level="INFO">Opening url 'https://rahulshettyacademy.com/loginpagePractise/'</msg>
<arg>${Url}</arg>
<doc>Navigates the current browser window to the provided ``url``.</doc>
<status status="PASS" start="2025-03-20T01:43:48.834103" elapsed="0.541632"/>
</kw>
<kw name="Maximize Browser Window" owner="SeleniumLibrary">
<doc>Maximizes current browser window.</doc>
<status status="PASS" start="2025-03-20T01:43:49.375963" elapsed="0.167887"/>
</kw>
<status status="PASS" start="2025-03-20T01:43:47.327673" elapsed="2.216488"/>
</kw>
<kw name="Validate UnSuccesful Login">
<kw name="open the browser with the Mortagage payment url" owner="resource">
<kw name="Create Webdriver" owner="SeleniumLibrary">
<msg time="2025-03-20T01:43:49.549920" level="INFO">Creating an instance of the Chrome WebDriver.</msg>
<arg>Chrome</arg>
<doc>Creates an instance of Selenium WebDriver.</doc>
<status status="PASS" start="2025-03-20T01:43:49.549697" elapsed="1.811889"/>
</kw>
<kw name="Go To" owner="SeleniumLibrary">
<msg time="2025-03-20T01:43:51.362173" level="INFO">Opening url 'https://rahulshettyacademy.com/loginpagePractise/'</msg>
<arg>${Url}</arg>
<doc>Navigates the current browser window to the provided ``url``.</doc>
<status status="PASS" start="2025-03-20T01:43:51.361907" elapsed="0.633873"/>
</kw>
<kw name="Maximize Browser Window" owner="SeleniumLibrary">
<doc>Maximizes current browser window.</doc>
<status status="PASS" start="2025-03-20T01:43:51.996036" elapsed="0.034410"/>
</kw>
<status status="PASS" start="2025-03-20T01:43:49.548710" elapsed="2.481903"/>
</kw>
<kw name="Fill the Loging form">
<kw name="Input Text" owner="SeleniumLibrary">
<msg time="2025-03-20T01:43:52.031382" level="INFO">Typing text '£2%?' into text field 'id:username'.</msg>
<arg>id:username</arg>
<arg>${userId}</arg>
<doc>Types the given ``text`` into the text field identified by ``locator``.</doc>
<status status="PASS" start="2025-03-20T01:43:52.031187" elapsed="0.176195"/>
</kw>
<kw name="Input Password" owner="SeleniumLibrary">
<msg time="2025-03-20T01:43:52.208297" level="INFO">Typing password into text field 'id:password'.</msg>
<msg time="2025-03-20T01:43:52.284382" level="INFO">Temporally setting log level to: NONE</msg>
<arg>id:password</arg>
<arg>${password}</arg>
<doc>Types the given password into the text field identified by ``locator``.</doc>
<status status="PASS" start="2025-03-20T01:43:52.207719" elapsed="0.158851"/>
</kw>
<kw name="Click Button" owner="SeleniumLibrary">
<msg time="2025-03-20T01:43:52.367057" level="INFO">Clicking button 'signInBtn'.</msg>
<arg>signInBtn</arg>
<doc>Clicks the button identified by ``locator``.</doc>
<status status="PASS" start="2025-03-20T01:43:52.366830" elapsed="0.143449"/>
</kw>
<arg>${username}</arg>
<arg>${password}</arg>
<status status="PASS" start="2025-03-20T01:43:52.030828" elapsed="0.479797"/>
</kw>
<kw name="wait until Element is located in the page">
<kw name="Wait Until Element Is Visible" owner="SeleniumLibrary">
<arg>${element}</arg>
<doc>Waits until the element ``locator`` is visible.</doc>
<status status="PASS" start="2025-03-20T01:43:52.511648" elapsed="2.035107"/>
</kw>
<arg>${Error_Message_Login}</arg>
<status status="PASS" start="2025-03-20T01:43:52.510979" elapsed="2.036096"/>
</kw>
<kw name="verify error message is correct">
<kw name="Element Text Should Be" owner="SeleniumLibrary">
<msg time="2025-03-20T01:43:54.548714" level="INFO">Verifying element 'css:.alert-danger' contains exact text 'Incorrect username/password.'.</msg>
<arg>${Error_Message_Login}</arg>
<arg>Incorrect username/password.</arg>
<doc>Verifies that element ``locator`` contains exact the text ``expected``.</doc>
<status status="PASS" start="2025-03-20T01:43:54.548112" elapsed="0.084931"/>
</kw>
<status status="PASS" start="2025-03-20T01:43:54.547476" elapsed="0.085784"/>
</kw>
<arg>£2%?</arg>
<arg>learning</arg>
<status status="PASS" start="2025-03-20T01:43:49.548204" elapsed="5.085169"/>
</kw>
<kw name="Close Browser" owner="SeleniumLibrary" type="TEARDOWN">
<doc>Closes the current browser.</doc>
<status status="PASS" start="2025-03-20T01:43:54.634020" elapsed="2.231573"/>
</kw>
<status status="PASS" start="2025-03-20T01:43:47.326935" elapsed="9.539073"/>
</test>
<doc>To validate the Login form</doc>
<status status="PASS" start="2025-03-20T01:43:29.103311" elapsed="27.764262"/>
</suite>
<statistics>
<total>
<stat pass="3" fail="0" skip="0">All Tests</stat>
</total>
<tag>
</tag>
<suite>
<stat name="Dataset" id="s1" pass="3" fail="0" skip="0">Dataset</stat>
</suite>
</statistics>
<errors>
</errors>
</robot>
